<?xml version="1.0" encoding="UTF-8"?>
<!-- Generated by org.testng.reporters.JUnitXMLReporter -->
<testsuite hostname="Abhresh" ignored="0" name="NewTourMavenTest" tests="3" failures="0" timestamp="18 Sep 2018 03:26:04 GMT" time="38.374" errors="0">
  <testcase name="openApp" time="11.414" classname="MavenTest.NewTours"/>
  <testcase name="Login" time="17.693" classname="MavenTest.NewTours"/>
  <testcase name="Logout" time="9.171" classname="MavenTest.NewTours"/>
</testsuite> <!-- NewTourMavenTest -->
