<?xml version="1.0" encoding="UTF-8"?>
<!-- Generated by org.testng.reporters.JUnitXMLReporter -->
<testsuite hostname="Abhresh" ignored="0" name="Default test" tests="10" failures="0" timestamp="13 Sep 2018 03:21:36 GMT" time="75.745" errors="0">
  <testcase name="FormFill" time="6.379" classname="module9.DDT2"/>
  <testcase name="FormFill" time="5.655" classname="module9.DDT2"/>
  <testcase name="FormFill" time="5.751" classname="module9.DDT2"/>
  <testcase name="FormFill" time="6.061" classname="module9.DDT2"/>
  <testcase name="FormFill" time="5.708" classname="module9.DDT2"/>
  <testcase name="FormFill" time="5.748" classname="module9.DDT2"/>
  <testcase name="FormFill" time="6.068" classname="module9.DDT2"/>
  <testcase name="FormFill" time="5.832" classname="module9.DDT2"/>
  <testcase name="FormFill" time="5.829" classname="module9.DDT2"/>
  <testcase name="FormFill" time="5.778" classname="module9.DDT2"/>
</testsuite> <!-- Default test -->
