<?xml version="1.0" encoding="UTF-8"?>
<!-- Generated by org.testng.reporters.JUnitXMLReporter -->
<testsuite hostname="Abhresh" ignored="1" name="Test" tests="5" failures="0" timestamp="10 Sep 2018 03:31:09 GMT" time="0.248" errors="0">
  <testcase name="Prashant" time="0.032" classname="module6.TestExample"/>
  <testcase name="Amit" time="0.005" classname="module6.TestExample"/>
  <testcase name="Lalitha" time="0.013" classname="module6.TestExample"/>
  <testcase name="Sindhu" time="0.009" classname="module6.TestExample"/>
  <testcase name="Devasish" time="0.013" classname="module6.TestExample"/>
  <testcase name="Sudha" time="0.0" classname="module6.TestExample">
    <ignored/>
  </testcase> <!-- Sudha -->
</testsuite> <!-- Test -->
