<?xml version="1.0" encoding="UTF-8"?>
<!-- Generated by org.testng.reporters.JUnitXMLReporter -->
<testsuite hostname="Abhresh" ignored="0" name="Firefox" tests="1" failures="1" timestamp="11 Sep 2018 03:03:52 GMT" time="114.132" errors="0">
  <testcase name="@AfterTest closeBrowser" time="0.0" classname="module6.Scenario3">
    <failure type="java.lang.NullPointerException">
      <![CDATA[java.lang.NullPointerException
at module6.Scenario3.closeBrowser(Scenario3.java:51)
at java.util.concurrent.FutureTask.run(Unknown Source)
at java.util.concurrent.ThreadPoolExecutor.runWorker(Unknown Source)
at java.util.concurrent.ThreadPoolExecutor$Worker.run(Unknown Source)
at java.lang.Thread.run(Unknown Source)
... Removed 15 stack frames]]>
    </failure>
  </testcase> <!-- @AfterTest closeBrowser -->
  <testcase name="login_TestCase" time="0.01" classname="module6.Scenario3">
    <failure type="java.lang.NullPointerException">
      <![CDATA[java.lang.NullPointerException
at module6.Scenario3.login_TestCase(Scenario3.java:45)
at java.util.concurrent.FutureTask.run(Unknown Source)
at java.util.concurrent.ThreadPoolExecutor.runWorker(Unknown Source)
at java.util.concurrent.ThreadPoolExecutor$Worker.run(Unknown Source)
at java.lang.Thread.run(Unknown Source)
... Removed 16 stack frames]]>
    </failure>
  </testcase> <!-- login_TestCase -->
</testsuite> <!-- Firefox -->
