<?xml version="1.0" encoding="UTF-8"?>
<testng-results skipped="0" failed="0" ignored="0" total="3" passed="3">
  <reporter-output>
  </reporter-output>
  <suite name="MavenTest" duration-ms="38374" started-at="2018-09-18T03:25:25Z" finished-at="2018-09-18T03:26:04Z">
    <groups>
    </groups>
    <test name="NewTourMavenTest" duration-ms="38374" started-at="2018-09-18T03:25:25Z" finished-at="2018-09-18T03:26:04Z">
      <class name="MavenTest.NewTours">
        <test-method status="PASS" signature="openApp()[pri:0, instance:MavenTest.NewTours@3dd4520b]" name="openApp" duration-ms="11414" started-at="2018-09-18T03:25:26Z" finished-at="2018-09-18T03:25:37Z">
          <reporter-output>
          </reporter-output>
        </test-method> <!-- openApp -->
        <test-method status="PASS" signature="Login()[pri:0, instance:MavenTest.NewTours@3dd4520b]" name="Login" duration-ms="17693" started-at="2018-09-18T03:25:37Z" depends-on-methods="MavenTest.NewTours.openApp" finished-at="2018-09-18T03:25:55Z">
          <reporter-output>
          </reporter-output>
        </test-method> <!-- Login -->
        <test-method status="PASS" signature="Logout()[pri:0, instance:MavenTest.NewTours@3dd4520b]" name="Logout" duration-ms="9171" started-at="2018-09-18T03:25:55Z" depends-on-methods="MavenTest.NewTours.Login" finished-at="2018-09-18T03:26:04Z">
          <reporter-output>
          </reporter-output>
        </test-method> <!-- Logout -->
      </class> <!-- MavenTest.NewTours -->
    </test> <!-- NewTourMavenTest -->
  </suite> <!-- MavenTest -->
</testng-results>
