<?xml version="1.0" encoding="UTF-8"?>
<testng-results skipped="0" failed="0" ignored="0" total="10" passed="10">
  <reporter-output>
  </reporter-output>
  <suite name="Default suite" duration-ms="75745" started-at="2018-09-13T03:20:20Z" finished-at="2018-09-13T03:21:35Z">
    <groups>
    </groups>
    <test name="Default test" duration-ms="75745" started-at="2018-09-13T03:20:20Z" finished-at="2018-09-13T03:21:35Z">
      <class name="module9.DDT2">
        <test-method status="PASS" signature="OpenBrowser()[pri:0, instance:module9.DDT2@44c8afef]" name="OpenBrowser" is-config="true" duration-ms="13807" started-at="2018-09-13T03:20:20Z" finished-at="2018-09-13T03:20:34Z">
          <reporter-output>
          </reporter-output>
        </test-method> <!-- OpenBrowser -->
        <test-method status="PASS" signature="FormFill(java.lang.String, java.lang.String, java.lang.String)[pri:0, instance:module9.DDT2@44c8afef]" name="FormFill" duration-ms="6379" started-at="2018-09-13T03:20:34Z" data-provider="TestData" finished-at="2018-09-13T03:20:41Z">
          <params>
            <param index="0">
              <value>
                <![CDATA[Amit]]>
              </value>
            </param>
            <param index="1">
              <value>
                <![CDATA[Jain]]>
              </value>
            </param>
            <param index="2">
              <value>
                <![CDATA[Gujrat]]>
              </value>
            </param>
          </params>
          <reporter-output>
          </reporter-output>
        </test-method> <!-- FormFill -->
        <test-method status="PASS" signature="FormFill(java.lang.String, java.lang.String, java.lang.String)[pri:0, instance:module9.DDT2@44c8afef]" name="FormFill" duration-ms="5655" started-at="2018-09-13T03:20:41Z" data-provider="TestData" finished-at="2018-09-13T03:20:46Z">
          <params>
            <param index="0">
              <value>
                <![CDATA[Sam]]>
              </value>
            </param>
            <param index="1">
              <value>
                <![CDATA[Joseph]]>
              </value>
            </param>
            <param index="2">
              <value>
                <![CDATA[Goa]]>
              </value>
            </param>
          </params>
          <reporter-output>
          </reporter-output>
        </test-method> <!-- FormFill -->
        <test-method status="PASS" signature="FormFill(java.lang.String, java.lang.String, java.lang.String)[pri:0, instance:module9.DDT2@44c8afef]" name="FormFill" duration-ms="5751" started-at="2018-09-13T03:20:46Z" data-provider="TestData" finished-at="2018-09-13T03:20:52Z">
          <params>
            <param index="0">
              <value>
                <![CDATA[Sumit]]>
              </value>
            </param>
            <param index="1">
              <value>
                <![CDATA[Pandey]]>
              </value>
            </param>
            <param index="2">
              <value>
                <![CDATA[Delhi]]>
              </value>
            </param>
          </params>
          <reporter-output>
          </reporter-output>
        </test-method> <!-- FormFill -->
        <test-method status="PASS" signature="FormFill(java.lang.String, java.lang.String, java.lang.String)[pri:0, instance:module9.DDT2@44c8afef]" name="FormFill" duration-ms="6061" started-at="2018-09-13T03:20:52Z" data-provider="TestData" finished-at="2018-09-13T03:20:58Z">
          <params>
            <param index="0">
              <value>
                <![CDATA[James]]>
              </value>
            </param>
            <param index="1">
              <value>
                <![CDATA[Desuza]]>
              </value>
            </param>
            <param index="2">
              <value>
                <![CDATA[Mumbai]]>
              </value>
            </param>
          </params>
          <reporter-output>
          </reporter-output>
        </test-method> <!-- FormFill -->
        <test-method status="PASS" signature="FormFill(java.lang.String, java.lang.String, java.lang.String)[pri:0, instance:module9.DDT2@44c8afef]" name="FormFill" duration-ms="5708" started-at="2018-09-13T03:20:58Z" data-provider="TestData" finished-at="2018-09-13T03:21:04Z">
          <params>
            <param index="0">
              <value>
                <![CDATA[Rohit]]>
              </value>
            </param>
            <param index="1">
              <value>
                <![CDATA[Joshi]]>
              </value>
            </param>
            <param index="2">
              <value>
                <![CDATA[Pune]]>
              </value>
            </param>
          </params>
          <reporter-output>
          </reporter-output>
        </test-method> <!-- FormFill -->
        <test-method status="PASS" signature="FormFill(java.lang.String, java.lang.String, java.lang.String)[pri:0, instance:module9.DDT2@44c8afef]" name="FormFill" duration-ms="5748" started-at="2018-09-13T03:21:04Z" data-provider="TestData" finished-at="2018-09-13T03:21:10Z">
          <params>
            <param index="0">
              <value>
                <![CDATA[Jain]]>
              </value>
            </param>
            <param index="1">
              <value>
                <![CDATA[Amit]]>
              </value>
            </param>
            <param index="2">
              <value>
                <![CDATA[Gujrat]]>
              </value>
            </param>
          </params>
          <reporter-output>
          </reporter-output>
        </test-method> <!-- FormFill -->
        <test-method status="PASS" signature="FormFill(java.lang.String, java.lang.String, java.lang.String)[pri:0, instance:module9.DDT2@44c8afef]" name="FormFill" duration-ms="6068" started-at="2018-09-13T03:21:10Z" data-provider="TestData" finished-at="2018-09-13T03:21:16Z">
          <params>
            <param index="0">
              <value>
                <![CDATA[Joseph]]>
              </value>
            </param>
            <param index="1">
              <value>
                <![CDATA[Sam]]>
              </value>
            </param>
            <param index="2">
              <value>
                <![CDATA[Goa]]>
              </value>
            </param>
          </params>
          <reporter-output>
          </reporter-output>
        </test-method> <!-- FormFill -->
        <test-method status="PASS" signature="FormFill(java.lang.String, java.lang.String, java.lang.String)[pri:0, instance:module9.DDT2@44c8afef]" name="FormFill" duration-ms="5832" started-at="2018-09-13T03:21:16Z" data-provider="TestData" finished-at="2018-09-13T03:21:21Z">
          <params>
            <param index="0">
              <value>
                <![CDATA[Pandey]]>
              </value>
            </param>
            <param index="1">
              <value>
                <![CDATA[Sumit]]>
              </value>
            </param>
            <param index="2">
              <value>
                <![CDATA[Delhi]]>
              </value>
            </param>
          </params>
          <reporter-output>
          </reporter-output>
        </test-method> <!-- FormFill -->
        <test-method status="PASS" signature="FormFill(java.lang.String, java.lang.String, java.lang.String)[pri:0, instance:module9.DDT2@44c8afef]" name="FormFill" duration-ms="5829" started-at="2018-09-13T03:21:21Z" data-provider="TestData" finished-at="2018-09-13T03:21:27Z">
          <params>
            <param index="0">
              <value>
                <![CDATA[Desuza]]>
              </value>
            </param>
            <param index="1">
              <value>
                <![CDATA[James]]>
              </value>
            </param>
            <param index="2">
              <value>
                <![CDATA[Mumbai]]>
              </value>
            </param>
          </params>
          <reporter-output>
          </reporter-output>
        </test-method> <!-- FormFill -->
        <test-method status="PASS" signature="FormFill(java.lang.String, java.lang.String, java.lang.String)[pri:0, instance:module9.DDT2@44c8afef]" name="FormFill" duration-ms="5778" started-at="2018-09-13T03:21:27Z" data-provider="TestData" finished-at="2018-09-13T03:21:33Z">
          <params>
            <param index="0">
              <value>
                <![CDATA[Joshi]]>
              </value>
            </param>
            <param index="1">
              <value>
                <![CDATA[Rohit]]>
              </value>
            </param>
            <param index="2">
              <value>
                <![CDATA[Pune]]>
              </value>
            </param>
          </params>
          <reporter-output>
          </reporter-output>
        </test-method> <!-- FormFill -->
        <test-method status="PASS" signature="QuitBrowser()[pri:0, instance:module9.DDT2@44c8afef]" name="QuitBrowser" is-config="true" duration-ms="2395" started-at="2018-09-13T03:21:33Z" finished-at="2018-09-13T03:21:35Z">
          <reporter-output>
          </reporter-output>
        </test-method> <!-- QuitBrowser -->
      </class> <!-- module9.DDT2 -->
    </test> <!-- Default test -->
  </suite> <!-- Default suite -->
</testng-results>
