<?xml version="1.0" encoding="UTF-8"?>
<!-- Generated by org.testng.reporters.JUnitXMLReporter -->
<testsuite hostname="Abhresh" ignored="5" name="Group Execution" tests="4" failures="0" timestamp="11 Sep 2018 02:05:33 GMT" time="0.16" errors="0">
  <testcase name="TC1" time="0.028" classname="module6.Grouping"/>
  <testcase name="TC4" time="0.006" classname="module6.Grouping"/>
  <testcase name="TC7" time="0.009" classname="module6.Grouping"/>
  <testcase name="TC9" time="0.006" classname="module6.Grouping"/>
  <testcase name="TC5" time="0.0" classname="module6.Grouping">
    <ignored/>
  </testcase> <!-- TC5 -->
  <testcase name="TC6" time="0.0" classname="module6.Grouping">
    <ignored/>
  </testcase> <!-- TC6 -->
  <testcase name="TC2" time="0.0" classname="module6.Grouping">
    <ignored/>
  </testcase> <!-- TC2 -->
  <testcase name="TC3" time="0.0" classname="module6.Grouping">
    <ignored/>
  </testcase> <!-- TC3 -->
  <testcase name="TC8" time="0.0" classname="module6.Grouping">
    <ignored/>
  </testcase> <!-- TC8 -->
</testsuite> <!-- Group Execution -->
