<?xml version="1.0" encoding="UTF-8"?>
<!-- Generated by org.testng.reporters.JUnitXMLReporter -->
<testsuite hostname="Abhresh" ignored="6" name="Group Execution1" tests="3" failures="0" timestamp="11 Sep 2018 02:05:34 GMT" time="0.058" errors="0">
  <testcase name="TC2" time="0.009" classname="module6.Grouping"/>
  <testcase name="TC3" time="0.008" classname="module6.Grouping"/>
  <testcase name="TC6" time="0.006" classname="module6.Grouping"/>
  <testcase name="TC4" time="0.0" classname="module6.Grouping">
    <ignored/>
  </testcase> <!-- TC4 -->
  <testcase name="TC5" time="0.0" classname="module6.Grouping">
    <ignored/>
  </testcase> <!-- TC5 -->
  <testcase name="TC7" time="0.0" classname="module6.Grouping">
    <ignored/>
  </testcase> <!-- TC7 -->
  <testcase name="TC1" time="0.0" classname="module6.Grouping">
    <ignored/>
  </testcase> <!-- TC1 -->
  <testcase name="TC8" time="0.0" classname="module6.Grouping">
    <ignored/>
  </testcase> <!-- TC8 -->
  <testcase name="TC9" time="0.0" classname="module6.Grouping">
    <ignored/>
  </testcase> <!-- TC9 -->
</testsuite> <!-- Group Execution1 -->
